This is pdfTeX, Version 3.14159265-2.6-1.40.19 (TeX Live 2019/dev/Debian) (preloaded format=pdflatex 2021.2.19)  19 FEB 2021 15:38
entering extended mode
 restricted \write18 enabled.
 %&-line parsing enabled.
**thesis.tex
(./thesis.tex
LaTeX2e <2018-12-01>
(/usr/share/texlive/texmf-dist/tex/latex/base/report.cls
Document Class: report 2018/09/03 v1.4i Standard LaTeX document class
(/usr/share/texlive/texmf-dist/tex/latex/base/size11.clo
File: size11.clo 2018/09/03 v1.4i Standard LaTeX file (size option)
)
\c@part=\count80
\c@chapter=\count81
\c@section=\count82
\c@subsection=\count83
\c@subsubsection=\count84
\c@paragraph=\count85
\c@subparagraph=\count86
\c@figure=\count87
\c@table=\count88
\abovecaptionskip=\skip41
\belowcaptionskip=\skip42
\bibindent=\dimen102
)
(./include/packages.tex
(/usr/share/texlive/texmf-dist/tex/generic/ifxetex/ifxetex.sty
Package: ifxetex 2010/09/12 v0.6 Provides ifxetex conditional
)
(/usr/share/texlive/texmf-dist/tex/generic/oberdiek/ifluatex.sty
Package: ifluatex 2016/05/16 v1.4 Provides the ifluatex switch (HO)
Package ifluatex Info: LuaTeX not detected.
)
(/usr/share/texlive/texmf-dist/tex/latex/base/fontenc.sty
Package: fontenc 2018/08/11 v2.0j Standard LaTeX package

(/usr/share/texlive/texmf-dist/tex/latex/base/t1enc.def
File: t1enc.def 2018/08/11 v2.0j Standard LaTeX file
LaTeX Font Info:    Redeclaring font encoding T1 on input line 48.
))
(/usr/share/texlive/texmf-dist/tex/latex/base/inputenc.sty
Package: inputenc 2018/08/11 v1.3c Input encoding file
\inpenc@prehook=\toks14
\inpenc@posthook=\toks15
)
(/usr/share/texmf/tex/latex/lm/lmodern.sty
Package: lmodern 2009/10/30 v1.6 Latin Modern Fonts
LaTeX Font Info:    Overwriting symbol font `operators' in version `normal'
(Font)                  OT1/cmr/m/n --> OT1/lmr/m/n on input line 22.
LaTeX Font Info:    Overwriting symbol font `letters' in version `normal'
(Font)                  OML/cmm/m/it --> OML/lmm/m/it on input line 23.
LaTeX Font Info:    Overwriting symbol font `symbols' in version `normal'
(Font)                  OMS/cmsy/m/n --> OMS/lmsy/m/n on input line 24.
LaTeX Font Info:    Overwriting symbol font `largesymbols' in version `normal'
(Font)                  OMX/cmex/m/n --> OMX/lmex/m/n on input line 25.
LaTeX Font Info:    Overwriting symbol font `operators' in version `bold'
(Font)                  OT1/cmr/bx/n --> OT1/lmr/bx/n on input line 26.
LaTeX Font Info:    Overwriting symbol font `letters' in version `bold'
(Font)                  OML/cmm/b/it --> OML/lmm/b/it on input line 27.
LaTeX Font Info:    Overwriting symbol font `symbols' in version `bold'
(Font)                  OMS/cmsy/b/n --> OMS/lmsy/b/n on input line 28.
LaTeX Font Info:    Overwriting symbol font `largesymbols' in version `bold'
(Font)                  OMX/cmex/m/n --> OMX/lmex/m/n on input line 29.
LaTeX Font Info:    Overwriting math alphabet `\mathbf' in version `normal'
(Font)                  OT1/cmr/bx/n --> OT1/lmr/bx/n on input line 31.
LaTeX Font Info:    Overwriting math alphabet `\mathsf' in version `normal'
(Font)                  OT1/cmss/m/n --> OT1/lmss/m/n on input line 32.
LaTeX Font Info:    Overwriting math alphabet `\mathit' in version `normal'
(Font)                  OT1/cmr/m/it --> OT1/lmr/m/it on input line 33.
LaTeX Font Info:    Overwriting math alphabet `\mathtt' in version `normal'
(Font)                  OT1/cmtt/m/n --> OT1/lmtt/m/n on input line 34.
LaTeX Font Info:    Overwriting math alphabet `\mathbf' in version `bold'
(Font)                  OT1/cmr/bx/n --> OT1/lmr/bx/n on input line 35.
LaTeX Font Info:    Overwriting math alphabet `\mathsf' in version `bold'
(Font)                  OT1/cmss/bx/n --> OT1/lmss/bx/n on input line 36.
LaTeX Font Info:    Overwriting math alphabet `\mathit' in version `bold'
(Font)                  OT1/cmr/bx/it --> OT1/lmr/bx/it on input line 37.
LaTeX Font Info:    Overwriting math alphabet `\mathtt' in version `bold'
(Font)                  OT1/cmtt/m/n --> OT1/lmtt/m/n on input line 38.
)
(/usr/share/texlive/texmf-dist/tex/generic/babel/babel.sty
Package: babel 2018/11/13 3.27 The Babel package

(/usr/share/texlive/texmf-dist/tex/generic/babel/switch.def
File: switch.def 2018/11/13 3.27 Babel switching mechanism
)
(/usr/share/texlive/texmf-dist/tex/generic/babel-english/english.ldf
Language: english 2017/06/06 v3.3r English support from the babel system

(/usr/share/texlive/texmf-dist/tex/generic/babel/babel.def
File: babel.def 2018/11/13 3.27 Babel common definitions
\babel@savecnt=\count89
\U@D=\dimen103

(/usr/share/texlive/texmf-dist/tex/generic/babel/txtbabel.def)
\bbl@dirlevel=\count90
)
\l@canadian = a dialect from \language\l@american 
\l@australian = a dialect from \language\l@british 
\l@newzealand = a dialect from \language\l@british 
) (./magyar.ldf
Language: magyar 2015/11/24 v1.5c Magyar support from the babel v3.7 system
Package babel Info: Making ` an active character on input line 2735.
\c@footnote@add=\count91
\c@footnote@ch=\count92
)) (/usr/share/texlive/texmf-dist/tex/latex/amsfonts/amsfonts.sty
Package: amsfonts 2013/01/14 v3.01 Basic AMSFonts support
\@emptytoks=\toks16
\symAMSa=\mathgroup4
\symAMSb=\mathgroup5
LaTeX Font Info:    Overwriting math alphabet `\mathfrak' in version `bold'
(Font)                  U/euf/m/n --> U/euf/b/n on input line 106.
)
(/usr/share/texlive/texmf-dist/tex/latex/amsmath/amsmath.sty
Package: amsmath 2018/12/01 v2.17b AMS math features
\@mathmargin=\skip43

For additional information on amsmath, use the `?' option.
(/usr/share/texlive/texmf-dist/tex/latex/amsmath/amstext.sty
Package: amstext 2000/06/29 v2.01 AMS text

(/usr/share/texlive/texmf-dist/tex/latex/amsmath/amsgen.sty
File: amsgen.sty 1999/11/30 v2.0 generic functions
\@emptytoks=\toks17
\ex@=\dimen104
))
(/usr/share/texlive/texmf-dist/tex/latex/amsmath/amsbsy.sty
Package: amsbsy 1999/11/29 v1.2d Bold Symbols
\pmbraise@=\dimen105
)
(/usr/share/texlive/texmf-dist/tex/latex/amsmath/amsopn.sty
Package: amsopn 2016/03/08 v2.02 operator names
)
\inf@bad=\count93
LaTeX Info: Redefining \frac on input line 223.
\uproot@=\count94
\leftroot@=\count95
LaTeX Info: Redefining \overline on input line 385.
\classnum@=\count96
\DOTSCASE@=\count97
LaTeX Info: Redefining \ldots on input line 482.
LaTeX Info: Redefining \dots on input line 485.
LaTeX Info: Redefining \cdots on input line 606.
\Mathstrutbox@=\box27
\strutbox@=\box28
\big@size=\dimen106
LaTeX Font Info:    Redeclaring font encoding OML on input line 729.
LaTeX Font Info:    Redeclaring font encoding OMS on input line 730.
\macc@depth=\count98
\c@MaxMatrixCols=\count99
\dotsspace@=\muskip10
\c@parentequation=\count100
\dspbrk@lvl=\count101
\tag@help=\toks18
\row@=\count102
\column@=\count103
\maxfields@=\count104
\andhelp@=\toks19
\eqnshift@=\dimen107
\alignsep@=\dimen108
\tagshift@=\dimen109
\tagwidth@=\dimen110
\totwidth@=\dimen111
\lineht@=\dimen112
\@envbody=\toks20
\multlinegap=\skip44
\multlinetaggap=\skip45
\mathdisplay@stack=\toks21
LaTeX Info: Redefining \[ on input line 2844.
LaTeX Info: Redefining \] on input line 2845.
)
(/usr/share/texlive/texmf-dist/tex/latex/amsfonts/amssymb.sty
Package: amssymb 2013/01/14 v3.01 AMS font symbols
)
(/usr/share/texlive/texmf-dist/tex/latex/booktabs/booktabs.sty
Package: booktabs 2016/04/27 v1.618033 publication quality tables
\heavyrulewidth=\dimen113
\lightrulewidth=\dimen114
\cmidrulewidth=\dimen115
\belowrulesep=\dimen116
\belowbottomsep=\dimen117
\aboverulesep=\dimen118
\abovetopsep=\dimen119
\cmidrulesep=\dimen120
\cmidrulekern=\dimen121
\defaultaddspace=\dimen122
\@cmidla=\count105
\@cmidlb=\count106
\@aboverulesep=\dimen123
\@belowrulesep=\dimen124
\@thisruleclass=\count107
\@lastruleclass=\count108
\@thisrulewidth=\dimen125
)
(/usr/share/texlive/texmf-dist/tex/latex/graphics/graphicx.sty
Package: graphicx 2017/06/01 v1.1a Enhanced LaTeX Graphics (DPC,SPQR)

(/usr/share/texlive/texmf-dist/tex/latex/graphics/keyval.sty
Package: keyval 2014/10/28 v1.15 key=value parser (DPC)
\KV@toks@=\toks22
)
(/usr/share/texlive/texmf-dist/tex/latex/graphics/graphics.sty
Package: graphics 2017/06/25 v1.2c Standard LaTeX Graphics (DPC,SPQR)

(/usr/share/texlive/texmf-dist/tex/latex/graphics/trig.sty
Package: trig 2016/01/03 v1.10 sin cos tan (DPC)
)
(/usr/share/texlive/texmf-dist/tex/latex/graphics-cfg/graphics.cfg
File: graphics.cfg 2016/06/04 v1.11 sample graphics configuration
)
Package graphics Info: Driver file: pdftex.def on input line 99.

(/usr/share/texlive/texmf-dist/tex/latex/graphics-def/pdftex.def
File: pdftex.def 2018/01/08 v1.0l Graphics/color driver for pdftex
))
\Gin@req@height=\dimen126
\Gin@req@width=\dimen127
)
(/usr/share/texlive/texmf-dist/tex/latex/anysize/anysize.sty
Package: anysize 1994/08/13 setting margin sizes

document style option `anysize' loaded
Michael Salzenberg, Thomas Esser, Dirk Hillbrecht
Version 1.0, Aug 13, 1994
\@Leftmargin=\dimen128
\@Rightmargin=\dimen129
\@Topmargin=\dimen130
\@Bottommargin=\dimen131
) (/usr/share/texlive/texmf-dist/tex/latex/setspace/setspace.sty
Package: setspace 2011/12/19 v6.7a set line spacing
)
(/usr/share/texlive/texmf-dist/tex/latex/hyperref/hyperref.sty
Package: hyperref 2018/11/30 v6.88e Hypertext links for LaTeX

(/usr/share/texlive/texmf-dist/tex/generic/oberdiek/hobsub-hyperref.sty
Package: hobsub-hyperref 2016/05/16 v1.14 Bundle oberdiek, subset hyperref (HO)


(/usr/share/texlive/texmf-dist/tex/generic/oberdiek/hobsub-generic.sty
Package: hobsub-generic 2016/05/16 v1.14 Bundle oberdiek, subset generic (HO)
Package: hobsub 2016/05/16 v1.14 Construct package bundles (HO)
Package: infwarerr 2016/05/16 v1.4 Providing info/warning/error messages (HO)
Package: ltxcmds 2016/05/16 v1.23 LaTeX kernel commands for general use (HO)
Package hobsub Info: Skipping package `ifluatex' (already loaded).
Package: ifvtex 2016/05/16 v1.6 Detect VTeX and its facilities (HO)
Package ifvtex Info: VTeX not detected.
Package: intcalc 2016/05/16 v1.2 Expandable calculations with integers (HO)
Package: ifpdf 2018/09/07 v3.3 Provides the ifpdf switch
Package: etexcmds 2016/05/16 v1.6 Avoid name clashes with e-TeX commands (HO)
Package: kvsetkeys 2016/05/16 v1.17 Key value parser (HO)
Package: kvdefinekeys 2016/05/16 v1.4 Define keys (HO)
Package: pdftexcmds 2018/09/10 v0.29 Utility functions of pdfTeX for LuaTeX (HO
)
Package pdftexcmds Info: LuaTeX not detected.
Package pdftexcmds Info: \pdf@primitive is available.
Package pdftexcmds Info: \pdf@ifprimitive is available.
Package pdftexcmds Info: \pdfdraftmode found.
Package: pdfescape 2016/05/16 v1.14 Implements pdfTeX's escape features (HO)
Package: bigintcalc 2016/05/16 v1.4 Expandable calculations on big integers (HO
)
Package: bitset 2016/05/16 v1.2 Handle bit-vector datatype (HO)
Package: uniquecounter 2016/05/16 v1.3 Provide unlimited unique counter (HO)
)
Package hobsub Info: Skipping package `hobsub' (already loaded).
Package: letltxmacro 2016/05/16 v1.5 Let assignment for LaTeX macros (HO)
Package: hopatch 2016/05/16 v1.3 Wrapper for package hooks (HO)
Package: xcolor-patch 2016/05/16 xcolor patch
Package: atveryend 2016/05/16 v1.9 Hooks at the very end of document (HO)
Package atveryend Info: \enddocument detected (standard20110627).
Package: atbegshi 2016/06/09 v1.18 At begin shipout hook (HO)
Package: refcount 2016/05/16 v3.5 Data extraction from label references (HO)
Package: hycolor 2016/05/16 v1.8 Color options for hyperref/bookmark (HO)
)
(/usr/share/texlive/texmf-dist/tex/latex/oberdiek/auxhook.sty
Package: auxhook 2016/05/16 v1.4 Hooks for auxiliary files (HO)
)
(/usr/share/texlive/texmf-dist/tex/latex/oberdiek/kvoptions.sty
Package: kvoptions 2016/05/16 v3.12 Key value format for package options (HO)
)
\@linkdim=\dimen132
\Hy@linkcounter=\count109
\Hy@pagecounter=\count110

(/usr/share/texlive/texmf-dist/tex/latex/hyperref/pd1enc.def
File: pd1enc.def 2018/11/30 v6.88e Hyperref: PDFDocEncoding definition (HO)
Now handling font encoding PD1 ...
... no UTF-8 mapping file for font encoding PD1
)
\Hy@SavedSpaceFactor=\count111

(/usr/share/texlive/texmf-dist/tex/latex/latexconfig/hyperref.cfg
File: hyperref.cfg 2002/06/06 v1.2 hyperref configuration of TeXLive
)
Package hyperref Info: Option `unicode' set `true' on input line 4393.

(/usr/share/texlive/texmf-dist/tex/latex/hyperref/puenc.def
File: puenc.def 2018/11/30 v6.88e Hyperref: PDF Unicode definition (HO)
Now handling font encoding PU ...
... no UTF-8 mapping file for font encoding PU
)
Package hyperref Info: Hyper figures OFF on input line 4519.
Package hyperref Info: Link nesting OFF on input line 4524.
Package hyperref Info: Hyper index ON on input line 4527.
Package hyperref Info: Plain pages OFF on input line 4534.
Package hyperref Info: Backreferencing OFF on input line 4539.
Package hyperref Info: Implicit mode ON; LaTeX internals redefined.
Package hyperref Info: Bookmarks ON on input line 4772.
\c@Hy@tempcnt=\count112

(/usr/share/texlive/texmf-dist/tex/latex/url/url.sty
\Urlmuskip=\muskip11
Package: url 2013/09/16  ver 3.4  Verb mode for urls, etc.
)
LaTeX Info: Redefining \url on input line 5125.
\XeTeXLinkMargin=\dimen133
\Fld@menulength=\count113
\Field@Width=\dimen134
\Fld@charsize=\dimen135
Package hyperref Info: Hyper figures OFF on input line 6380.
Package hyperref Info: Link nesting OFF on input line 6385.
Package hyperref Info: Hyper index ON on input line 6388.
Package hyperref Info: backreferencing OFF on input line 6395.
Package hyperref Info: Link coloring OFF on input line 6400.
Package hyperref Info: Link coloring with OCG OFF on input line 6405.
Package hyperref Info: PDF/A mode OFF on input line 6410.
LaTeX Info: Redefining \ref on input line 6450.
LaTeX Info: Redefining \pageref on input line 6454.
\Hy@abspage=\count114
\c@Item=\count115
\c@Hfootnote=\count116
)
Package hyperref Info: Driver (autodetected): hpdftex.

(/usr/share/texlive/texmf-dist/tex/latex/hyperref/hpdftex.def
File: hpdftex.def 2018/11/30 v6.88e Hyperref driver for pdfTeX
\Fld@listcount=\count117
\c@bookmark@seq@number=\count118

(/usr/share/texlive/texmf-dist/tex/latex/oberdiek/rerunfilecheck.sty
Package: rerunfilecheck 2016/05/16 v1.8 Rerun checks for auxiliary files (HO)
Package uniquecounter Info: New unique counter `rerunfilecheck' on input line 2
82.
)
\Hy@SectionHShift=\skip46
)
(/usr/share/texlive/texmf-dist/tex/latex/xcolor/xcolor.sty
Package: xcolor 2016/05/11 v2.12 LaTeX color extensions (UK)

(/usr/share/texlive/texmf-dist/tex/latex/graphics-cfg/color.cfg
File: color.cfg 2016/01/02 v1.6 sample color configuration
)
Package xcolor Info: Driver file: pdftex.def on input line 225.
Package xcolor Info: Model `cmy' substituted by `cmy0' on input line 1348.
Package xcolor Info: Model `hsb' substituted by `rgb' on input line 1352.
Package xcolor Info: Model `RGB' extended on input line 1364.
Package xcolor Info: Model `HTML' substituted by `rgb' on input line 1366.
Package xcolor Info: Model `Hsb' substituted by `hsb' on input line 1367.
Package xcolor Info: Model `tHsb' substituted by `hsb' on input line 1368.
Package xcolor Info: Model `HSB' substituted by `hsb' on input line 1369.
Package xcolor Info: Model `Gray' substituted by `gray' on input line 1370.
Package xcolor Info: Model `wave' substituted by `hsb' on input line 1371.
)
(/usr/share/texlive/texmf-dist/tex/latex/listings/listings.sty
\lst@mode=\count119
\lst@gtempboxa=\box29
\lst@token=\toks23
\lst@length=\count120
\lst@currlwidth=\dimen136
\lst@column=\count121
\lst@pos=\count122
\lst@lostspace=\dimen137
\lst@width=\dimen138
\lst@newlines=\count123
\lst@lineno=\count124
\lst@maxwidth=\dimen139

(/usr/share/texlive/texmf-dist/tex/latex/listings/lstmisc.sty
File: lstmisc.sty 2018/09/02 1.7 (Carsten Heinz)
\c@lstnumber=\count125
\lst@skipnumbers=\count126
\lst@framebox=\box30
)
(/usr/share/texlive/texmf-dist/tex/latex/listings/listings.cfg
File: listings.cfg 2018/09/02 1.7 listings configuration
))
Package: listings 2018/09/02 1.7 (Carsten Heinz)

(/usr/share/texlive/texmf-dist/tex/latex/ntheorem/ntheorem.sty
Style `ntheorem', Version 1.33 <2011/08/15>
Package: ntheorem 2011/08/15 1.33
(/usr/share/texlive/texmf-dist/tex/latex/base/ifthen.sty
Package: ifthen 2014/09/29 v1.1c Standard LaTeX ifthen package (DPC)
)
\theorem@style=\toks24
\theorem@@style=\toks25
\theorembodyfont=\toks26
\theoremnumbering=\toks27
\theorempreskipamount=\skip47
\theorempostskipamount=\skip48
\theoremframepreskipamount=\skip49
\theoremframepostskipamount=\skip50
\theoreminframepreskipamount=\skip51
\theoreminframepostskipamount=\skip52
\theorem@preskip=\toks28
\theorem@postskip=\toks29
\theorem@framepreskip=\toks30
\theorem@framepostskip=\toks31
\theorem@inframepreskip=\toks32
\theorem@inframepostskip=\toks33
\theoremindent=\dimen140
\theorem@indent=\dimen141
\theoremrightindent=\dimen142
\theorem@rightindent=\dimen143
\theoremheaderfont=\toks34
\theoremseparator=\toks35
\theoremprework=\toks36
\theorempostwork=\toks37
\theoremsymbol=\toks38
\qedsymbol=\toks39
\theoremkeyword=\toks40
\qedsymbol=\toks41
\thm@topsep=\skip53
\thm@topsepadd=\skip54
Package ntheorem Info: Option `thmmarks' loaded on input line 1175.
\c@endNonectr=\count127
\c@currNonectr=\count128
\mysavskip=\skip55
Package ntheorem Info: option `amsmath' handling for `thmmarks' loaded on input
 line 1175.
\thm@amstmpdepth=\dimen144
\tagwidth=\dimen145
)
(/usr/share/texlive/texmf-dist/tex/latex/caption/caption.sty
Package: caption 2018/10/06 v3.3-154 Customizing captions (AR)

(/usr/share/texlive/texmf-dist/tex/latex/caption/caption3.sty
Package: caption3 2018/09/12 v1.8c caption3 kernel (AR)
Package caption3 Info: TeX engine: e-TeX on input line 64.
\captionmargin=\dimen146
\captionmargin@=\dimen147
\captionwidth=\dimen148
\caption@tempdima=\dimen149
\caption@indent=\dimen150
\caption@parindent=\dimen151
\caption@hangindent=\dimen152
Package caption Info: magyar babel option is loaded.
)
\c@caption@flags=\count129
\c@ContinuedFloat=\count130
Package caption Info: magyar babel option is loaded.
Package caption Info: hyperref package is loaded.
Package caption Info: listings package is loaded.
)
(/usr/share/texlive/texmf-dist/tex/latex/natbib/natbib.sty
Package: natbib 2010/09/13 8.31b (PWD, AO)
\bibhang=\skip56
\bibsep=\skip57
LaTeX Info: Redefining \cite on input line 694.
\c@NAT@ctr=\count131
))
(/usr/share/texlive/texmf-dist/tex/latex/tools/xspace.sty
Package: xspace 2014/10/28 v1.13 Space after command names (DPC,MH)
)
(./include/tdk-variables.tex) (./include/thesis-hu.tex) (./include/preamble.tex
Package hyperref Info: Option `unicode' set `true' on input line 39.
Package hyperref Info: Option `pdfnewwindow' set `true' on input line 39.
Package hyperref Info: Option `colorlinks' set `true' on input line 39.
\c@currexamplectr=\count132
\c@endexamplectr=\count133
\c@example=\count134
\c@currdefinitionctr=\count135
\c@enddefinitionctr=\count136
\c@definition=\count137
\c@currtheoremctr=\count138
\c@endtheoremctr=\count139
\c@theorem=\count140
) (./thesis.aux (./include/guideline.aux) (./include/project.aux)
(./include/titlepage.aux) (./include/declaration.aux) (./content/abstract.aux)
(./content/introduction.aux) (./content/latex-tools.aux)
(./content/thesis-format.aux) (./content/template-usage.aux)
(./content/appendices.aux))
\openout1 = `thesis.aux'.

LaTeX Font Info:    Checking defaults for OML/cmm/m/it on input line 46.
LaTeX Font Info:    ... okay on input line 46.
LaTeX Font Info:    Checking defaults for T1/cmr/m/n on input line 46.
LaTeX Font Info:    ... okay on input line 46.
LaTeX Font Info:    Checking defaults for OT1/cmr/m/n on input line 46.
LaTeX Font Info:    ... okay on input line 46.
LaTeX Font Info:    Checking defaults for OMS/cmsy/m/n on input line 46.
LaTeX Font Info:    ... okay on input line 46.
LaTeX Font Info:    Checking defaults for OMX/cmex/m/n on input line 46.
LaTeX Font Info:    ... okay on input line 46.
LaTeX Font Info:    Checking defaults for U/cmr/m/n on input line 46.
LaTeX Font Info:    ... okay on input line 46.
LaTeX Font Info:    Checking defaults for PD1/pdf/m/n on input line 46.
LaTeX Font Info:    ... okay on input line 46.
LaTeX Font Info:    Checking defaults for PU/pdf/m/n on input line 46.
LaTeX Font Info:    ... okay on input line 46.
LaTeX Font Info:    Try loading font information for T1+lmr on input line 46.
 (/usr/share/texmf/tex/latex/lm/t1lmr.fd
File: t1lmr.fd 2009/10/30 v1.6 Font defs for Latin Modern
)

Package magyar.ldf Warning: All Hungarian hyphenation= patterns missing.
(magyar.ldf)                To make LaTeX hyphenate Hungarian words, please
(magyar.ldf)                modify language.dat and rerun initex or texconfig.


LaTeX Warning: Please use \usepackage[latin2]{inputenc}
               or \usepackage[utf8]{inputenc}
               with \usepackage[magyar]{babel}.

(/usr/share/texlive/texmf-dist/tex/context/base/mkii/supp-pdf.mkii
[Loading MPS to PDF converter (version 2006.09.02).]
\scratchcounter=\count141
\scratchdimen=\dimen153
\scratchbox=\box31
\nofMPsegments=\count142
\nofMParguments=\count143
\everyMPshowfont=\toks42
\MPscratchCnt=\count144
\MPscratchDim=\dimen154
\MPnumerator=\count145
\makeMPintoPDFobject=\count146
\everyMPtoPDFconversion=\toks43
) (/usr/share/texlive/texmf-dist/tex/latex/oberdiek/epstopdf-base.sty
Package: epstopdf-base 2016/05/15 v2.6 Base part for package epstopdf

(/usr/share/texlive/texmf-dist/tex/latex/oberdiek/grfext.sty
Package: grfext 2016/05/16 v1.2 Manage graphics extensions (HO)
)
Package epstopdf-base Info: Redefining graphics rule for `.eps' on input line 4
38.
Package grfext Info: Graphics extension search list:
(grfext)             [.pdf,.png,.jpg,.mps,.jpeg,.jbig2,.jb2,.PDF,.PNG,.JPG,.JPE
G,.JBIG2,.JB2,.eps]
(grfext)             \AppendGraphicsExtensions on input line 456.

(/usr/share/texlive/texmf-dist/tex/latex/latexconfig/epstopdf-sys.cfg
File: epstopdf-sys.cfg 2010/07/13 v1.3 Configuration of (r)epstopdf for TeX Liv
e
))
\AtBeginShipoutBox=\box32
Package hyperref Info: Link coloring ON on input line 46.

(/usr/share/texlive/texmf-dist/tex/latex/hyperref/nameref.sty
Package: nameref 2016/05/21 v2.44 Cross-referencing by name of section

(/usr/share/texlive/texmf-dist/tex/generic/oberdiek/gettitlestring.sty
Package: gettitlestring 2016/05/16 v1.5 Cleanup title references (HO)
)
\c@section@level=\count147
)
LaTeX Info: Redefining \ref on input line 46.
LaTeX Info: Redefining \pageref on input line 46.
LaTeX Info: Redefining \nameref on input line 46.

(./thesis.out) (./thesis.out)
\@outlinefile=\write3
\openout3 = `thesis.out'.

\c@lstlisting=\count148
Package caption Info: Begin \AtBeginDocument code.
Package caption Info: End \AtBeginDocument code.

(/usr/share/texlive/texmf-dist/tex/latex/base/report.cls
LaTeX Info: Redefining \cal on input line 576.
LaTeX Info: Redefining \mit on input line 577.
)
\openout2 = `include/guideline.aux'.


(./include/guideline.tex
LaTeX Font Info:    Try loading font information for OT1+lmr on input line 29.
 (/usr/share/texmf/tex/latex/lm/ot1lmr.fd
File: ot1lmr.fd 2009/10/30 v1.6 Font defs for Latin Modern
)
LaTeX Font Info:    Try loading font information for OML+lmm on input line 29.

(/usr/share/texmf/tex/latex/lm/omllmm.fd
File: omllmm.fd 2009/10/30 v1.6 Font defs for Latin Modern
)
LaTeX Font Info:    Try loading font information for OMS+lmsy on input line 29.


(/usr/share/texmf/tex/latex/lm/omslmsy.fd
File: omslmsy.fd 2009/10/30 v1.6 Font defs for Latin Modern
)
LaTeX Font Info:    Try loading font information for OMX+lmex on input line 29.


(/usr/share/texmf/tex/latex/lm/omxlmex.fd
File: omxlmex.fd 2009/10/30 v1.6 Font defs for Latin Modern
)
LaTeX Font Info:    External font `lmex10' loaded for size
(Font)              <9> on input line 29.
LaTeX Font Info:    External font `lmex10' loaded for size
(Font)              <6> on input line 29.
LaTeX Font Info:    External font `lmex10' loaded for size
(Font)              <5> on input line 29.
LaTeX Font Info:    Try loading font information for U+msa on input line 29.

(/usr/share/texlive/texmf-dist/tex/latex/amsfonts/umsa.fd
File: umsa.fd 2013/01/14 v3.01 AMS symbols A
)
LaTeX Font Info:    Try loading font information for U+msb on input line 29.

(/usr/share/texlive/texmf-dist/tex/latex/amsfonts/umsb.fd
File: umsb.fd 2013/01/14 v3.01 AMS symbols B
)
LaTeX Font Info:    Try loading font information for OMS+lmr on input line 44.

(/usr/share/texmf/tex/latex/lm/omslmr.fd
File: omslmr.fd 2009/10/30 v1.6 Font defs for Latin Modern
)
LaTeX Font Info:    Font shape `OMS/lmr/m/n' in size <9> not available
(Font)              Font shape `OMS/lmsy/m/n' tried instead on input line 44.
) [1



{/var/lib/texmf/fonts/map/pdftex/updmap/pdftex.map}]
\openout2 = `include/project.aux'.

 (./include/project.tex)pdfTeX warning (ext4): destination with the same identi
fier (name{page.}) has been already used, duplicate ignored
<to be read again> 
                   \relax 
l.53 \include{include/project}
                               [2



]
\openout2 = `include/titlepage.aux'.

 (./include/titlepage.tex
Package hyperref Info: Option `pageanchor' set `false' on input line 1.
<figures/bme_logo.pdf, id=138, 705.63625pt x 188.705pt>
File: figures/bme_logo.pdf Graphic file (type pdf)
<use figures/bme_logo.pdf>
Package pdftex.def Info: figures/bme_logo.pdf  used on input line 7.
(pdftex.def)             Requested size: 170.71652pt x 45.65292pt.
LaTeX Font Info:    External font `lmex10' loaded for size
(Font)              <10.95> on input line 20.
LaTeX Font Info:    External font `lmex10' loaded for size
(Font)              <8> on input line 20.
 [1


 <./figures/bme_logo.pdf>]
Package hyperref Info: Option `pageanchor' set `false' on input line 32.
) (./thesis.toc)
\tf@toc=\write4
\openout4 = `thesis.toc'.

 [1


]
\openout2 = `include/declaration.aux'.

 (./include/declaration.tex
Underfull \hbox (badness 1596) in paragraph at lines 13--14
\T1/lmr/m/n/10.95 titkosított diplomatervek esetén a dolgozat szövege csak 3 év
 eltelte után válik
 []

[1

])
\openout2 = `content/abstract.aux'.

 (./content/abstract.tex
Underfull \hbox (badness 3872) in paragraph at lines 11--12
\T1/lmr/m/n/10.95 Jelen dokumentum egy diplomaterv sablon, amely formai keretet
 ad a BME
 []

[1




]
\c@romanPage=\count149
) [2

]
\openout2 = `content/introduction.aux'.

 (./content/introduction.tex
1. fejezet.
) [1



]
\openout2 = `content/latex-tools.aux'.

 (./content/latex-tools.tex
2. fejezet.
LaTeX Font Info:    External font `lmex10' loaded for size
(Font)              <24.88> on input line 2.
LaTeX Font Info:    External font `lmex10' loaded for size
(Font)              <20.74> on input line 2.
LaTeX Font Info:    External font `lmex10' loaded for size
(Font)              <17.28> on input line 2.
LaTeX Font Info:    Try loading font information for T1+lmtt on input line 7.
(/usr/share/texmf/tex/latex/lm/t1lmtt.fd
File: t1lmtt.fd 2009/10/30 v1.6 Font defs for Latin Modern
)
<figures/TeXstudio.png, id=197, 1002.74625pt x 799.98875pt>
File: figures/TeXstudio.png Graphic file (type png)
<use figures/TeXstudio.png>
Package pdftex.def Info: figures/TeXstudio.png  used on input line 11.
(pdftex.def)             Requested size: 426.79134pt x 340.4973pt.

Underfull \hbox (badness 10000) in paragraph at lines 16--17
[]\T1/lmr/m/n/10.95 A TeXstudio telepítése után érdemes még letölteni a magyar 
nyelv¶
 []


Underfull \hbox (badness 4132) in paragraph at lines 16--17
\T1/lmr/m/n/10.95 helyesírásellen®rz®-szótárakat hozzá. A TeXstudio az OpenOffi
ce-hoz használatos
 []

[2



 <./figures/TeXstudio.png (PNG copy)>]
(/usr/share/texlive/texmf-dist/tex/latex/listings/lstlang1.sty
File: lstlang1.sty 2018/09/02 1.7 listings language file
)
(/usr/share/texlive/texmf-dist/tex/latex/listings/lstlang1.sty
File: lstlang1.sty 2018/09/02 1.7 listings language file
)
Underfull \hbox (badness 1038) in paragraph at lines 33--34
\T1/lmr/m/n/10.95 be kell állítani a szerkeszt®programban, például TeXstudio es
etén legegyszer¶bben
 []


Underfull \hbox (badness 10000) in paragraph at lines 33--34
\T1/lmr/m/n/10.95 az [][]\T1/lmtt/m/n/10.95 Options / Configure TeXstudio... / 
Commands []\T1/lmr/m/n/10.95 menüponttal el®hívott
 []


Underfull \hbox (badness 3271) in paragraph at lines 35--36
[]\T1/lmr/m/n/10.95 A PDF-L[]T[]X használata esetén a generált dokumentum közve
tlenül PDF-
 []

[3]
LaTeX Font Info:    Font shape `T1/lmtt/bx/n' in size <8> not available
(Font)              Font shape `T1/lmtt/b/n' tried instead on input line 43.
) [4]
\openout2 = `content/thesis-format.aux'.

 (./content/thesis-format.tex
3. fejezet.

Underfull \hbox (badness 2478) in paragraph at lines 4--5
\T1/lmr/m/n/10.95 Az itt található információk egy része a BME VIK Hallgatói Ké
pviselet által
 []


Underfull \hbox (badness 5878) in paragraph at lines 4--5
\T1/lmr/m/n/10.95 készített ,,Utolsó félév a villanykaron'' c. munkából lett ki
s változtatásokkal
 []


Package natbib Warning: Citation `Jeney' on page 5 undefined on input line 24.

) [5



]
\openout2 = `content/template-usage.aux'.

 (./content/template-usage.tex
4. fejezet.

Underfull \hbox (badness 1571) in paragraph at lines 8--9
\T1/lmr/m/n/10.95 ami azt jelenti, hogy sablon használata ennek a dokumentumnak
 a forráskódját
 []


Underfull \hbox (badness 2057) in paragraph at lines 13--14
\T1/lmr/m/n/10.95 fejezetekhez, listákhoz, képletekhez stb. Ezekre a dokumentum
 bármely részében
 []


Underfull \hbox (badness 2205) in paragraph at lines 15--16
[]\T1/lmr/m/n/10.95 A sablonban makrókat definiáltunk a hivatkozások megkönnyít
éséhez. Ennek
 []


Underfull \hbox (badness 2990) in paragraph at lines 20--21
\T1/lmr/m/n/10.95 Használjunk vektorgrafikus ábrákat, ha van rá módunk. PDFLaTe
X használata
 []


Underfull \hbox (badness 1939) in paragraph at lines 20--21
\T1/lmr/m/n/10.95 esetén PDF formátumú ábrákat lehet beilleszteni könnyen, az E
PS (PostScript)
 []

[6



]
Underfull \hbox (badness 1248) in paragraph at lines 22--23
[]\T1/lmr/m/n/10.95 Kapcsolási rajzok legtöbbször kimásolhatók egy vektorgrafik
us programba (pl.
 []

LaTeX Font Info:    Font shape `OMS/lmr/m/n' in size <10.95> not available
(Font)              Font shape `OMS/lmsy/m/n' tried instead on input line 26.

Underfull \hbox (badness 4036) in paragraph at lines 29--30
[]\T1/lmr/m/n/10.95 Javasolt megoldás: az ábrát a [][]\T1/lmtt/m/n/10.95 File/S
ave As []\T1/lmr/m/n/10.95 opcióval EPS \T1/lmr/m/it/10.95 vektorgrafikus
 []

File: figures/TeXstudio.png Graphic file (type png)
<use figures/TeXstudio.png>
Package pdftex.def Info: figures/TeXstudio.png  used on input line 49.
(pdftex.def)             Requested size: 190.63345pt x 152.08488pt.
File: figures/TeXstudio.png Graphic file (type png)
<use figures/TeXstudio.png>
Package pdftex.def Info: figures/TeXstudio.png  used on input line 50.
(pdftex.def)             Requested size: 190.63345pt x 152.08488pt.
File: figures/TeXstudio.png Graphic file (type png)
<use figures/TeXstudio.png>
Package pdftex.def Info: figures/TeXstudio.png  used on input line 51.
(pdftex.def)             Requested size: 190.63345pt x 152.08488pt.
File: figures/TeXstudio.png Graphic file (type png)
<use figures/TeXstudio.png>
Package pdftex.def Info: figures/TeXstudio.png  used on input line 52.
(pdftex.def)             Requested size: 190.63345pt x 152.08488pt.
[7] (/usr/share/texlive/texmf-dist/tex/latex/listings/lstlang1.sty
File: lstlang1.sty 2018/09/02 1.7 listings language file
)
(/usr/share/texlive/texmf-dist/tex/latex/listings/lstlang2.sty
File: lstlang2.sty 2018/09/02 1.7 listings language file
)
(/usr/share/texlive/texmf-dist/tex/latex/listings/lstlang3.sty
File: lstlang3.sty 2018/09/02 1.7 listings language file
)
(/usr/share/texlive/texmf-dist/tex/latex/listings/lstlang1.sty
File: lstlang1.sty 2018/09/02 1.7 listings language file
)
(/usr/share/texlive/texmf-dist/tex/latex/listings/lstlang2.sty
File: lstlang2.sty 2018/09/02 1.7 listings language file
)
(/usr/share/texlive/texmf-dist/tex/latex/listings/lstlang3.sty
File: lstlang3.sty 2018/09/02 1.7 listings language file
)
(/usr/share/texlive/texmf-dist/tex/latex/listings/lstlang1.sty
File: lstlang1.sty 2018/09/02 1.7 listings language file
)
(/usr/share/texlive/texmf-dist/tex/latex/listings/lstlang2.sty
File: lstlang2.sty 2018/09/02 1.7 listings language file
)
(/usr/share/texlive/texmf-dist/tex/latex/listings/lstlang3.sty
File: lstlang3.sty 2018/09/02 1.7 listings language file
)
(/usr/share/texlive/texmf-dist/tex/latex/listings/lstmisc.sty
File: lstmisc.sty 2018/09/02 1.7 (Carsten Heinz)
)
Underfull \hbox (badness 1917) in paragraph at lines 97--98
[]\T1/lmr/m/n/10.95 Listákban a dolgozat szövegét®l elkülönítend® kódrészleteke
t, programsorokat,
 []

Package hyperref Info: bookmark level for unknown lstlisting defaults to 0 on i
nput line 98.
[8]
Underfull \hbox (badness 2318) in paragraph at lines 106--107
\T1/lmr/m/n/10.95 A lista keretét, háttérszínét, egész stílusát megválaszthatju
k. Ráadásul különféle
 []


Underfull \hbox (badness 1253) in paragraph at lines 119--121
\T1/lmr/m/n/10.95 ahol $\OT1/lmr/bx/n/10.95 x$ \T1/lmr/m/n/10.95 az állapotvekt
or, $\OT1/lmr/bx/n/10.95 y$ \T1/lmr/m/n/10.95 a mérések vektora és $\OT1/lmr/bx
/n/10.95 A$\T1/lmr/m/n/10.95 , $\OT1/lmr/bx/n/10.95 B$ \T1/lmr/m/n/10.95 és $\O
T1/lmr/bx/n/10.95 C$ \T1/lmr/m/n/10.95 a rendszert leíró
 []

[9]
Underfull \hbox (badness 6001) in paragraph at lines 139--146
\T1/lmr/m/n/10.95 A matematikai mód minden szimbólumának és képességének a bemu
tatására
 []


Underfull \hbox (badness 10000) in paragraph at lines 139--146
[][][]$\T1/lmtt/m/n/10.95 http : / / www . ctan . org / tex-[]archive / info / 
symbols / comprehensive / symbols-[]a4 .
 []


Underfull \hbox (badness 1609) in paragraph at lines 163--164
\T1/lmr/m/n/10.95 , a könyv-, a konferenciacikk- stb. hivatkozások kinézetét az
 irodalomjegyzékben
 []


Underfull \hbox (badness 1565) in paragraph at lines 163--164
\T1/lmr/m/n/10.95 (a sablon használata esetén ezzel nem is kell foglalkoznia a 
hallgatónak, de az
 []


Underfull \hbox (badness 1184) in paragraph at lines 163--164
\T1/lmr/m/n/10.95 megjelent cikk, [][]\T1/lmtt/m/n/10.95 @techreport []\T1/lmr/
m/n/10.95 valamelyik egyetem gondozásában megjelent m¶szaki
 []

[10] [11]
Underfull \hbox (badness 2435) in paragraph at lines 238--240
\T1/lmr/m/n/10.95 hivatkozni, így a [][]4.2[][]. kódrészlet esetén a hivatkozás
ok rendre [][]\T1/lmtt/m/n/10.95 \cite{Wettl04}[]\T1/lmr/m/n/10.95 ,
 []


Underfull \hbox (badness 10000) in paragraph at lines 238--240
[][]\T1/lmtt/m/n/10.95 \cite{Candy86}[]\T1/lmr/m/n/10.95 , [][]\T1/lmtt/m/n/10.
95 \cite{Lee87}[]\T1/lmr/m/n/10.95 , [][]\T1/lmtt/m/n/10.95 \cite{KissPhD}[]\T1
/lmr/m/n/10.95 , [][]\T1/lmtt/m/n/10.95 \cite{Schreirer00}[]\T1/lmr/m/n/10.95 ,

 []


Underfull \hbox (badness 2799) in paragraph at lines 238--240
[][]\T1/lmtt/m/n/10.95 \cite{Mkrtychev:1997} []\T1/lmr/m/n/10.95 és [][]\T1/lmt
t/m/n/10.95 \cite{DipPortal}[]\T1/lmr/m/n/10.95 . Az egyes forrásmunkák sorszám
a
 []


Package natbib Warning: Citation `Wettl04' on page 12 undefined on input line 2
45.


Package natbib Warning: Citation `Candy86' on page 12 undefined on input line 2
45.


Package natbib Warning: Citation `Lee87' on page 12 undefined on input line 245
.


Package natbib Warning: Citation `KissPhD' on page 12 undefined on input line 2
45.


Package natbib Warning: Citation `Schreier00' on page 12 undefined on input lin
e 245.


Package natbib Warning: Citation `Mkrtychev:1997' on page 12 undefined on input
 line 245.


Package natbib Warning: Citation `DipPortal' on page 12 undefined on input line
 245.


Underfull \hbox (badness 1681) in paragraph at lines 247--248
[]\T1/lmr/m/n/10.95 Megjegyzend®, hogy az ékezetes magyar bet¶ket is tartalmazó
 [][]\T1/lmtt/m/n/10.95 .bib []\T1/lmr/m/n/10.95 fájl az
 []


Underfull \hbox (badness 3977) in paragraph at lines 247--248
[][]\T1/lmtt/m/n/10.95 inputenc []\T1/lmr/m/n/10.95 csomaggal betöltött [][]\T1
/lmtt/m/n/10.95 latin2 []\T1/lmr/m/n/10.95 bet¶készlet miatt fordítható. Ugyane
z a
 []

[12]
Underfull \hbox (badness 10000) in paragraph at lines 258--259
[]\T1/lmr/m/n/10.95 1 oldalas \T1/lmr/m/it/10.95 tájékoztató \T1/lmr/m/n/10.95 
a szakdolgozat/diplomaterv szerkezetér®l
 []


Underfull \hbox (badness 1783) in paragraph at lines 264--265
[]\T1/lmr/m/it/10.95 bevezetés\T1/lmr/m/n/10.95 : a feladat értelmezése, a terv
ezés célja, a feladat indokoltsága, a
 []


Underfull \hbox (badness 10000) in paragraph at lines 265--266
\T1/lmr/m/n/10.95 el®zmények (irodalomkutatás, hasonló alkotások), az ezekb®l l
evonható
 []


Underfull \hbox (badness 4981) in paragraph at lines 267--268
[]\T1/lmr/m/n/10.95 részletes és pontos \T1/lmr/m/it/10.95 irodalomjegyzék \T1/
lmr/m/n/10.95 (ez a sablon esetében automatikusan
 []

[13] [14]
Package hyperref Info: bookmark level for unknown definition defaults to 0 on i
nput line 306.
LaTeX Font Info:    External font `lmex10' loaded for size
(Font)              <12> on input line 308.

Underfull \hbox (badness 10000) in paragraph at lines 307--308
[]\T1/lmr/m/n/10.95 Lorem ipsum dolor sit amet,
 []

Package hyperref Info: bookmark level for unknown example defaults to 0 on inpu
t line 311.
Package hyperref Info: bookmark level for unknown theorem defaults to 0 on inpu
t line 314.
) [15]
No file thesis.bbl.
\openout2 = `content/appendices.aux'.

(./content/appendices.tex
File: figures/TeXstudio.png Graphic file (type png)
<use figures/TeXstudio.png>
Package pdftex.def Info: figures/TeXstudio.png  used on input line 17.
(pdftex.def)             Requested size: 426.79134pt x 340.4973pt.
 [16



]
Underfull \hbox (badness 2591) in paragraph at lines 22--22
[]\T1/lmr/bx/n/14.4 Válasz az ,,Élet, a világmindenség, meg minden''
 []

) [17

]
\tf@thm=\write5
\openout5 = `thesis.thm'.



Package natbib Warning: There were undefined citations.

Package atveryend Info: Empty hook `BeforeClearDocument' on input line 108.
Package atveryend Info: Empty hook `AfterLastShipout' on input line 108.
(./thesis.aux (./include/guideline.aux) (./include/project.aux)
(./include/titlepage.aux) (./include/declaration.aux) (./content/abstract.aux)
(./content/introduction.aux) (./content/latex-tools.aux)
(./content/thesis-format.aux) (./content/template-usage.aux)
(./content/appendices.aux))
Package atveryend Info: Executing hook `AtVeryEndDocument' on input line 108.
Package atveryend Info: Executing hook `AtEndAfterFileList' on input line 108.


Package rerunfilecheck Warning: File `thesis.out' has changed.
(rerunfilecheck)                Rerun to get outlines right
(rerunfilecheck)                or use package `bookmark'.

Package rerunfilecheck Info: Checksums for `thesis.out':
(rerunfilecheck)             Before: E649D9CF27A020070ECBF17B8174388C;4597
(rerunfilecheck)             After:  C9F59F42BCA236ABBAB895CDF7D05206;4314.
Package atveryend Info: Empty hook `AtVeryVeryEnd' on input line 108.
 ) 
Here is how much of TeX's memory you used:
 16673 strings out of 494518
 237615 string characters out of 6176313
 798304 words of memory out of 5000000
 19840 multiletter control sequences out of 15000+600000
 111847 words of font info for 89 fonts, out of 8000000 for 9000
 40 hyphenation exceptions out of 8191
 45i,16n,71p,1558b,2005s stack positions out of 5000i,500n,10000p,200000b,80000s
pdfTeX warning (dest): name{appendix*.10} has been referenced but does not ex
ist, replaced by a fixed one

pdfTeX warning (dest): name{chapter*.9} has been referenced but does not exist,
 replaced by a fixed one

pdfTeX warning (dest): name{chapter*.8} has been referenced but does not exist,
 replaced by a fixed one

{/usr/share/texmf/fonts/enc/dvips/lm/lm-rm.enc}{/usr/share/texmf/fonts/enc/dvip
s/lm/lm-mathex.enc}{/usr/share/texmf/fonts/enc/dvips/lm/lm-mathsy.enc}{/usr/sha
re/texmf/fonts/enc/dvips/lm/lm-mathit.enc}{/usr/share/texmf/fonts/enc/dvips/lm/
lm-ec.enc}</usr/share/texmf/fonts/type1/public/lm/lmbx10.pfb></usr/share/texmf/
fonts/type1/public/lm/lmbx12.pfb></usr/share/texmf/fonts/type1/public/lm/lmbx8.
pfb></usr/share/texmf/fonts/type1/public/lm/lmcsc10.pfb></usr/share/texmf/fonts
/type1/public/lm/lmex10.pfb></usr/share/texmf/fonts/type1/public/lm/lmmi10.pfb>
</usr/share/texmf/fonts/type1/public/lm/lmmi8.pfb></usr/share/texmf/fonts/type1
/public/lm/lmr10.pfb></usr/share/texmf/fonts/type1/public/lm/lmr12.pfb></usr/sh
are/texmf/fonts/type1/public/lm/lmr6.pfb></usr/share/texmf/fonts/type1/public/l
m/lmr8.pfb></usr/share/texmf/fonts/type1/public/lm/lmr9.pfb></usr/share/texmf/f
onts/type1/public/lm/lmri10.pfb></usr/share/texmf/fonts/type1/public/lm/lmsy10.
pfb></usr/share/texmf/fonts/type1/public/lm/lmsy8.pfb></usr/share/texmf/fonts/t
ype1/public/lm/lmsy9.pfb></usr/share/texmf/fonts/type1/public/lm/lmtk10.pfb></u
sr/share/texmf/fonts/type1/public/lm/lmtl10.pfb></usr/share/texlive/texmf-dist/
fonts/type1/public/amsfonts/symbols/msam10.pfb>
Output written on thesis.pdf (24 pages, 607727 bytes).
PDF statistics:
 563 PDF objects out of 1000 (max. 8388607)
 510 compressed objects within 6 object streams
 195 named destinations out of 1000 (max. 500000)
 227 words of extra memory for PDF output out of 10000 (max. 10000000)

